<?xml version="1.0" encoding="UTF-8"?>
<!-- Generated by org.testng.reporters.JUnitReportReporter -->
<testsuite hostname="DESKTOP-HRNMN5C" failures="0" tests="2" name="tests.SerializationAndDeSerialization" time="0.122" errors="0" timestamp="2023-09-16T11:46:17 IST" skipped="0">
  <testcase classname="tests.SerializationAndDeSerialization" name="serializeObject" time="0.060"/>
  <system-out/>
  <testcase classname="tests.SerializationAndDeSerialization" name="deserializeObject" time="0.062"/>
  <system-out/>
</testsuite> <!-- tests.SerializationAndDeSerialization -->
