<?xml version="1.0" encoding="UTF-8"?>
<!-- Generated by org.testng.reporters.JUnitReportReporter -->
<testsuite hostname="DESKTOP-HRNMN5C" failures="0" tests="4" name="tests.CrudWithBDD" time="9.397" errors="0" timestamp="2023-09-16T11:46:17 IST" skipped="0">
  <testcase classname="tests.CrudWithBDD" name="createUser" time="6.196"/>
  <system-out/>
  <testcase classname="tests.CrudWithBDD" name="deleteUser" time="0.769"/>
  <system-out/>
  <testcase classname="tests.CrudWithBDD" name="updateUser" time="0.577"/>
  <system-out/>
  <testcase classname="tests.CrudWithBDD" name="getUser" time="1.855"/>
  <system-out/>
</testsuite> <!-- tests.CrudWithBDD -->
