<?xml version="1.0" encoding="UTF-8"?>
<!-- Generated by org.testng.reporters.JUnitReportReporter -->
<testsuite hostname="DESKTOP-HRNMN5C" failures="0" tests="4" name="tests.DifferentWaysToPostRequest" time="2.336" errors="0" timestamp="2023-09-16T11:46:17 IST" skipped="0">
  <testcase classname="tests.DifferentWaysToPostRequest" name="createUserWithPojoClass" time="0.661"/>
  <system-out/>
  <testcase classname="tests.DifferentWaysToPostRequest" name="createUserWithJsonObject" time="0.555"/>
  <system-out/>
  <testcase classname="tests.DifferentWaysToPostRequest" name="createUserWithJsonFile" time="0.579"/>
  <system-out/>
  <testcase classname="tests.DifferentWaysToPostRequest" name="createUserWithHashMap" time="0.541"/>
  <system-out/>
</testsuite> <!-- tests.DifferentWaysToPostRequest -->
